# JRE version: Java(TM) SE Runtime Environment (21.0.1+12) (build 21.0.1+12-LTS-29)
# Java VM: Java HotSpot(TM) 64-Bit Server VM (21.0.1+12-LTS-29, mixed mode, sharing, tiered, compressed oops, compressed class ptrs, g1 gc, windows-amd64)
GC Precious Log:
 CardTable entry size: 512
 Card Set container configuration: InlinePtr #cards 4 size 8 Array Of Cards #cards 32 size 80 Howl #buckets 8 coarsen threshold 7372 Howl Bitmap #cards 1024 size 144 coarsen threshold 921 Card regions per heap region 1 cards per card region 8192
 CPUs: 12 total, 12 available
 Memory: 15693M
 Large Page Support: Disabled
 NUMA Support: Disabled
 Compressed Oops: Enabled (Zero based)
 Heap Region Size: 4M
 Heap Min Capacity: 8M
 Heap Initial Capacity: 248M
 Heap Max Capacity: 8G
 Pre-touch: Disabled
 Parallel Workers: 10
 Concurrent Workers: 3
 Concurrent Refinement Workers: 10
 Periodic GC: Disabled
Heap:
 garbage-first heap   total 425984K, used 280884K [0x0000000600000000, 0x0000000800000000)
  region size 4096K, 3 young (12288K), 3 survivors (12288K)
 Metaspace       used 130743K, committed 133696K, reserved 1179648K
  class space    used 17933K, committed 19392K, reserved 1048576K
GC Heap History (20 events):
Event: 51.279 GC heap after
{Heap after GC invocations=45 (full 0):
 garbage-first heap   total 290816K, used 168053K [0x0000000600000000, 0x0000000800000000)
  region size 4096K, 4 young (16384K), 4 survivors (16384K)
 Metaspace       used 110436K, committed 113088K, reserved 1179648K
  class space    used 15460K, committed 16768K, reserved 1048576K
}
Event: 51.688 GC heap before
{Heap before GC invocations=45 (full 0):
 garbage-first heap   total 290816K, used 245877K [0x0000000600000000, 0x0000000800000000)
  region size 4096K, 24 young (98304K), 4 survivors (16384K)
 Metaspace       used 110441K, committed 113088K, reserved 1179648K
  class space    used 15460K, committed 16768K, reserved 1048576K
}
Event: 51.700 GC heap after
{Heap after GC invocations=46 (full 0):
 garbage-first heap   total 290816K, used 172506K [0x0000000600000000, 0x0000000800000000)
  region size 4096K, 2 young (8192K), 2 survivors (8192K)
 Metaspace       used 110441K, committed 113088K, reserved 1179648K
  class space    used 15460K, committed 16768K, reserved 1048576K
}
Event: 52.768 GC heap before
{Heap before GC invocations=47 (full 0):
 garbage-first heap   total 323584K, used 258522K [0x0000000600000000, 0x0000000800000000)
  region size 4096K, 23 young (94208K), 2 survivors (8192K)
 Metaspace       used 111715K, committed 114432K, reserved 1179648K
  class space    used 15707K, committed 17024K, reserved 1048576K
}
Event: 52.778 GC heap after
{Heap after GC invocations=48 (full 0):
 garbage-first heap   total 323584K, used 182438K [0x0000000600000000, 0x0000000800000000)
  region size 4096K, 3 young (12288K), 3 survivors (12288K)
 Metaspace       used 111715K, committed 114432K, reserved 1179648K
  class space    used 15707K, committed 17024K, reserved 1048576K
}
Event: 53.535 GC heap before
{Heap before GC invocations=48 (full 0):
 garbage-first heap   total 323584K, used 284838K [0x0000000600000000, 0x0000000800000000)
  region size 4096K, 29 young (118784K), 3 survivors (12288K)
 Metaspace       used 112066K, committed 114752K, reserved 1179648K
  class space    used 15763K, committed 17088K, reserved 1048576K
}
Event: 53.548 GC heap after
{Heap after GC invocations=49 (full 0):
 garbage-first heap   total 389120K, used 190417K [0x0000000600000000, 0x0000000800000000)
  region size 4096K, 3 young (12288K), 3 survivors (12288K)
 Metaspace       used 112066K, committed 114752K, reserved 1179648K
  class space    used 15763K, committed 17088K, reserved 1048576K
}
Event: 54.810 GC heap before
{Heap before GC invocations=49 (full 0):
 garbage-first heap   total 389120K, used 341969K [0x0000000600000000, 0x0000000800000000)
  region size 4096K, 41 young (167936K), 3 survivors (12288K)
 Metaspace       used 112900K, committed 115712K, reserved 1179648K
  class space    used 15851K, committed 17216K, reserved 1048576K
}
Event: 54.824 GC heap after
{Heap after GC invocations=50 (full 0):
 garbage-first heap   total 389120K, used 202691K [0x0000000600000000, 0x0000000800000000)
  region size 4096K, 6 young (24576K), 6 survivors (24576K)
 Metaspace       used 112900K, committed 115712K, reserved 1179648K
  class space    used 15851K, committed 17216K, reserved 1048576K
}
Event: 55.722 GC heap before
{Heap before GC invocations=51 (full 0):
 garbage-first heap   total 389120K, used 333763K [0x0000000600000000, 0x0000000800000000)
  region size 4096K, 39 young (159744K), 6 survivors (24576K)
 Metaspace       used 113280K, committed 116096K, reserved 1179648K
  class space    used 15899K, committed 17280K, reserved 1048576K
}
Event: 55.740 GC heap after
{Heap after GC invocations=52 (full 0):
 garbage-first heap   total 389120K, used 216621K [0x0000000600000000, 0x0000000800000000)
  region size 4096K, 5 young (20480K), 5 survivors (20480K)
 Metaspace       used 113280K, committed 116096K, reserved 1179648K
  class space    used 15899K, committed 17280K, reserved 1048576K
}
Event: 57.063 GC heap before
{Heap before GC invocations=52 (full 0):
 garbage-first heap   total 389120K, used 335405K [0x0000000600000000, 0x0000000800000000)
  region size 4096K, 35 young (143360K), 5 survivors (20480K)
 Metaspace       used 113495K, committed 116352K, reserved 1179648K
  class space    used 15922K, committed 17280K, reserved 1048576K
}
Event: 57.076 GC heap after
{Heap after GC invocations=53 (full 0):
 garbage-first heap   total 389120K, used 223419K [0x0000000600000000, 0x0000000800000000)
  region size 4096K, 4 young (16384K), 4 survivors (16384K)
 Metaspace       used 113495K, committed 116352K, reserved 1179648K
  class space    used 15922K, committed 17280K, reserved 1048576K
}
Event: 58.691 GC heap before
{Heap before GC invocations=53 (full 0):
 garbage-first heap   total 389120K, used 338107K [0x0000000600000000, 0x0000000800000000)
  region size 4096K, 33 young (135168K), 4 survivors (16384K)
 Metaspace       used 117226K, committed 120128K, reserved 1179648K
  class space    used 16292K, committed 17664K, reserved 1048576K
}
Event: 58.707 GC heap after
{Heap after GC invocations=54 (full 0):
 garbage-first heap   total 389120K, used 237651K [0x0000000600000000, 0x0000000800000000)
  region size 4096K, 4 young (16384K), 4 survivors (16384K)
 Metaspace       used 117226K, committed 120128K, reserved 1179648K
  class space    used 16292K, committed 17664K, reserved 1048576K
}
Event: 60.513 GC heap before
{Heap before GC invocations=55 (full 0):
 garbage-first heap   total 425984K, used 340051K [0x0000000600000000, 0x0000000800000000)
  region size 4096K, 30 young (122880K), 4 survivors (16384K)
 Metaspace       used 122791K, committed 125696K, reserved 1179648K
  class space    used 17069K, committed 18496K, reserved 1048576K
}
Event: 60.525 GC heap after
{Heap after GC invocations=56 (full 0):
 garbage-first heap   total 425984K, used 246939K [0x0000000600000000, 0x0000000800000000)
  region size 4096K, 3 young (12288K), 3 survivors (12288K)
 Metaspace       used 122791K, committed 125696K, reserved 1179648K
  class space    used 17069K, committed 18496K, reserved 1048576K
}
Event: 61.718 GC heap before
{Heap before GC invocations=56 (full 0):
 garbage-first heap   total 425984K, used 378011K [0x0000000600000000, 0x0000000800000000)
  region size 4096K, 35 young (143360K), 3 survivors (12288K)
 Metaspace       used 125592K, committed 128576K, reserved 1179648K
  class space    used 17419K, committed 18880K, reserved 1048576K
}
Event: 61.735 GC heap after
{Heap after GC invocations=57 (full 0):
 garbage-first heap   total 425984K, used 267356K [0x0000000600000000, 0x0000000800000000)
  region size 4096K, 5 young (20480K), 5 survivors (20480K)
 Metaspace       used 125592K, committed 128576K, reserved 1179648K
  class space    used 17419K, committed 18880K, reserved 1048576K
}
Event: 63.116 GC heap before
{Heap before GC invocations=57 (full 0):
 garbage-first heap   total 425984K, used 373852K [0x0000000600000000, 0x0000000800000000)
  region size 4096K, 32 young (131072K), 5 survivors (20480K)
 Metaspace       used 130743K, committed 133696K, reserved 1179648K
  class space    used 17933K, committed 19392K, reserved 1048576K
}

