# JRE version: OpenJDK Runtime Environment Temurin-21.0.6+7 (21.0.6+7) (build 21.0.6+7-LTS)
# Java VM: OpenJDK 64-Bit Server VM Temurin-21.0.6+7 (21.0.6+7-LTS, mixed mode, sharing, tiered, compressed oops, compressed class ptrs, parallel gc, windows-amd64)
GC Precious Log:
 CardTable entry size: 512
 CPUs: 12 total, 12 available
 Memory: 15693M
 Large Page Support: Disabled
 NUMA Support: Disabled
 Compressed Oops: Enabled (32-bit)
 Alignments: Space 512K, Generation 512K, Heap 2M
 Heap Min Capacity: 100M
 Heap Initial Capacity: 100M
 Heap Max Capacity: 1G
 Pre-touch: Disabled
 Parallel Workers: 10
Heap:
 PSYoungGen      total 18432K, used 10144K [0x00000000eab00000, 0x00000000ec300000, 0x0000000100000000)
  eden space 16896K, 52% used [0x00000000eab00000,0x00000000eb3be638,0x00000000ebb80000)
  from space 1536K, 77% used [0x00000000ec100000,0x00000000ec229d98,0x00000000ec280000)
  to   space 512K, 0% used [0x00000000ec280000,0x00000000ec280000,0x00000000ec300000)
 ParOldGen       total 68608K, used 30573K [0x00000000c0000000, 0x00000000c4300000, 0x00000000eab00000)
  object space 68608K, 44% used [0x00000000c0000000,0x00000000c1ddb700,0x00000000c4300000)
 Metaspace       used 36658K, committed 37568K, reserved 1114112K
  class space    used 3603K, committed 4032K, reserved 1048576K
GC Heap History (20 events):
Event: 257.651 GC heap before
{Heap before GC invocations=12 (full 1):
 PSYoungGen      total 26624K, used 26461K [0x00000000eab00000, 0x00000000ecb00000, 0x0000000100000000)
  eden space 22528K, 100% used [0x00000000eab00000,0x00000000ec100000,0x00000000ec100000)
  from space 4096K, 96% used [0x00000000ec700000,0x00000000ecad7550,0x00000000ecb00000)
  to   space 4608K, 0% used [0x00000000ec200000,0x00000000ec200000,0x00000000ec680000)
 ParOldGen       total 68608K, used 13786K [0x00000000c0000000, 0x00000000c4300000, 0x00000000eab00000)
  object space 68608K, 20% used [0x00000000c0000000,0x00000000c0d76b20,0x00000000c4300000)
 Metaspace       used 32133K, committed 33088K, reserved 1114112K
  class space    used 3185K, committed 3648K, reserved 1048576K
}
Event: 257.656 GC heap after
{Heap after GC invocations=12 (full 1):
 PSYoungGen      total 24576K, used 2370K [0x00000000eab00000, 0x00000000ec780000, 0x0000000100000000)
  eden space 22016K, 0% used [0x00000000eab00000,0x00000000eab00000,0x00000000ec080000)
  from space 2560K, 92% used [0x00000000ec200000,0x00000000ec450810,0x00000000ec480000)
  to   space 3072K, 0% used [0x00000000ec480000,0x00000000ec480000,0x00000000ec780000)
 ParOldGen       total 68608K, used 17575K [0x00000000c0000000, 0x00000000c4300000, 0x00000000eab00000)
  object space 68608K, 25% used [0x00000000c0000000,0x00000000c1129f70,0x00000000c4300000)
 Metaspace       used 32133K, committed 33088K, reserved 1114112K
  class space    used 3185K, committed 3648K, reserved 1048576K
}
Event: 257.722 GC heap before
{Heap before GC invocations=13 (full 1):
 PSYoungGen      total 24576K, used 24386K [0x00000000eab00000, 0x00000000ec780000, 0x0000000100000000)
  eden space 22016K, 100% used [0x00000000eab00000,0x00000000ec080000,0x00000000ec080000)
  from space 2560K, 92% used [0x00000000ec200000,0x00000000ec450810,0x00000000ec480000)
  to   space 3072K, 0% used [0x00000000ec480000,0x00000000ec480000,0x00000000ec780000)
 ParOldGen       total 68608K, used 17575K [0x00000000c0000000, 0x00000000c4300000, 0x00000000eab00000)
  object space 68608K, 25% used [0x00000000c0000000,0x00000000c1129f70,0x00000000c4300000)
 Metaspace       used 32141K, committed 33088K, reserved 1114112K
  class space    used 3185K, committed 3648K, reserved 1048576K
}
Event: 257.726 GC heap after
{Heap after GC invocations=13 (full 1):
 PSYoungGen      total 24576K, used 2336K [0x00000000eab00000, 0x00000000ec700000, 0x0000000100000000)
  eden space 22016K, 0% used [0x00000000eab00000,0x00000000eab00000,0x00000000ec080000)
  from space 2560K, 91% used [0x00000000ec480000,0x00000000ec6c8010,0x00000000ec700000)
  to   space 2560K, 0% used [0x00000000ec200000,0x00000000ec200000,0x00000000ec480000)
 ParOldGen       total 68608K, used 19766K [0x00000000c0000000, 0x00000000c4300000, 0x00000000eab00000)
  object space 68608K, 28% used [0x00000000c0000000,0x00000000c134d858,0x00000000c4300000)
 Metaspace       used 32141K, committed 33088K, reserved 1114112K
  class space    used 3185K, committed 3648K, reserved 1048576K
}
Event: 257.797 GC heap before
{Heap before GC invocations=14 (full 1):
 PSYoungGen      total 24576K, used 24352K [0x00000000eab00000, 0x00000000ec700000, 0x0000000100000000)
  eden space 22016K, 100% used [0x00000000eab00000,0x00000000ec080000,0x00000000ec080000)
  from space 2560K, 91% used [0x00000000ec480000,0x00000000ec6c8010,0x00000000ec700000)
  to   space 2560K, 0% used [0x00000000ec200000,0x00000000ec200000,0x00000000ec480000)
 ParOldGen       total 68608K, used 19766K [0x00000000c0000000, 0x00000000c4300000, 0x00000000eab00000)
  object space 68608K, 28% used [0x00000000c0000000,0x00000000c134d858,0x00000000c4300000)
 Metaspace       used 32160K, committed 33152K, reserved 1114112K
  class space    used 3185K, committed 3648K, reserved 1048576K
}
Event: 257.801 GC heap after
{Heap after GC invocations=14 (full 1):
 PSYoungGen      total 24064K, used 2020K [0x00000000eab00000, 0x00000000ec580000, 0x0000000100000000)
  eden space 22016K, 0% used [0x00000000eab00000,0x00000000eab00000,0x00000000ec080000)
  from space 2048K, 98% used [0x00000000ec200000,0x00000000ec3f9000,0x00000000ec400000)
  to   space 1536K, 0% used [0x00000000ec400000,0x00000000ec400000,0x00000000ec580000)
 ParOldGen       total 68608K, used 21964K [0x00000000c0000000, 0x00000000c4300000, 0x00000000eab00000)
  object space 68608K, 32% used [0x00000000c0000000,0x00000000c1573218,0x00000000c4300000)
 Metaspace       used 32160K, committed 33152K, reserved 1114112K
  class space    used 3185K, committed 3648K, reserved 1048576K
}
Event: 257.874 GC heap before
{Heap before GC invocations=15 (full 1):
 PSYoungGen      total 24064K, used 24036K [0x00000000eab00000, 0x00000000ec580000, 0x0000000100000000)
  eden space 22016K, 100% used [0x00000000eab00000,0x00000000ec080000,0x00000000ec080000)
  from space 2048K, 98% used [0x00000000ec200000,0x00000000ec3f9000,0x00000000ec400000)
  to   space 1536K, 0% used [0x00000000ec400000,0x00000000ec400000,0x00000000ec580000)
 ParOldGen       total 68608K, used 21964K [0x00000000c0000000, 0x00000000c4300000, 0x00000000eab00000)
  object space 68608K, 32% used [0x00000000c0000000,0x00000000c1573218,0x00000000c4300000)
 Metaspace       used 32172K, committed 33152K, reserved 1114112K
  class space    used 3185K, committed 3648K, reserved 1048576K
}
Event: 257.878 GC heap after
{Heap after GC invocations=15 (full 1):
 PSYoungGen      total 22528K, used 1504K [0x00000000eab00000, 0x00000000ec980000, 0x0000000100000000)
  eden space 20992K, 0% used [0x00000000eab00000,0x00000000eab00000,0x00000000ebf80000)
  from space 1536K, 97% used [0x00000000ec400000,0x00000000ec578010,0x00000000ec580000)
  to   space 4608K, 0% used [0x00000000ebf80000,0x00000000ebf80000,0x00000000ec400000)
 ParOldGen       total 68608K, used 24428K [0x00000000c0000000, 0x00000000c4300000, 0x00000000eab00000)
  object space 68608K, 35% used [0x00000000c0000000,0x00000000c17db318,0x00000000c4300000)
 Metaspace       used 32172K, committed 33152K, reserved 1114112K
  class space    used 3185K, committed 3648K, reserved 1048576K
}
Event: 257.955 GC heap before
{Heap before GC invocations=16 (full 1):
 PSYoungGen      total 22528K, used 22496K [0x00000000eab00000, 0x00000000ec980000, 0x0000000100000000)
  eden space 20992K, 100% used [0x00000000eab00000,0x00000000ebf80000,0x00000000ebf80000)
  from space 1536K, 97% used [0x00000000ec400000,0x00000000ec578010,0x00000000ec580000)
  to   space 4608K, 0% used [0x00000000ebf80000,0x00000000ebf80000,0x00000000ec400000)
 ParOldGen       total 68608K, used 24428K [0x00000000c0000000, 0x00000000c4300000, 0x00000000eab00000)
  object space 68608K, 35% used [0x00000000c0000000,0x00000000c17db318,0x00000000c4300000)
 Metaspace       used 32227K, committed 33152K, reserved 1114112K
  class space    used 3188K, committed 3648K, reserved 1048576K
}
Event: 257.958 GC heap after
{Heap after GC invocations=16 (full 1):
 PSYoungGen      total 23040K, used 1848K [0x00000000eab00000, 0x00000000ec580000, 0x0000000100000000)
  eden space 20992K, 0% used [0x00000000eab00000,0x00000000eab00000,0x00000000ebf80000)
  from space 2048K, 90% used [0x00000000ebf80000,0x00000000ec14e200,0x00000000ec180000)
  to   space 3072K, 0% used [0x00000000ec280000,0x00000000ec280000,0x00000000ec580000)
 ParOldGen       total 68608K, used 25972K [0x00000000c0000000, 0x00000000c4300000, 0x00000000eab00000)
  object space 68608K, 37% used [0x00000000c0000000,0x00000000c195d328,0x00000000c4300000)
 Metaspace       used 32227K, committed 33152K, reserved 1114112K
  class space    used 3188K, committed 3648K, reserved 1048576K
}
Event: 258.121 GC heap before
{Heap before GC invocations=17 (full 1):
 PSYoungGen      total 23040K, used 22840K [0x00000000eab00000, 0x00000000ec580000, 0x0000000100000000)
  eden space 20992K, 99% used [0x00000000eab00000,0x00000000ebf7fff8,0x00000000ebf80000)
  from space 2048K, 90% used [0x00000000ebf80000,0x00000000ec14e200,0x00000000ec180000)
  to   space 3072K, 0% used [0x00000000ec280000,0x00000000ec280000,0x00000000ec580000)
 ParOldGen       total 68608K, used 25972K [0x00000000c0000000, 0x00000000c4300000, 0x00000000eab00000)
  object space 68608K, 37% used [0x00000000c0000000,0x00000000c195d328,0x00000000c4300000)
 Metaspace       used 33349K, committed 34304K, reserved 1114112K
  class space    used 3265K, committed 3712K, reserved 1048576K
}
Event: 258.126 GC heap after
{Heap after GC invocations=17 (full 1):
 PSYoungGen      total 19968K, used 3053K [0x00000000eab00000, 0x00000000ecd80000, 0x0000000100000000)
  eden space 16896K, 0% used [0x00000000eab00000,0x00000000eab00000,0x00000000ebb80000)
  from space 3072K, 99% used [0x00000000ec280000,0x00000000ec57b688,0x00000000ec580000)
  to   space 7168K, 0% used [0x00000000ebb80000,0x00000000ebb80000,0x00000000ec280000)
 ParOldGen       total 68608K, used 29074K [0x00000000c0000000, 0x00000000c4300000, 0x00000000eab00000)
  object space 68608K, 42% used [0x00000000c0000000,0x00000000c1c64a48,0x00000000c4300000)
 Metaspace       used 33349K, committed 34304K, reserved 1114112K
  class space    used 3265K, committed 3712K, reserved 1048576K
}
Event: 258.380 GC heap before
{Heap before GC invocations=18 (full 1):
 PSYoungGen      total 19968K, used 13818K [0x00000000eab00000, 0x00000000ecd80000, 0x0000000100000000)
  eden space 16896K, 63% used [0x00000000eab00000,0x00000000eb583298,0x00000000ebb80000)
  from space 3072K, 99% used [0x00000000ec280000,0x00000000ec57b688,0x00000000ec580000)
  to   space 7168K, 0% used [0x00000000ebb80000,0x00000000ebb80000,0x00000000ec280000)
 ParOldGen       total 68608K, used 29074K [0x00000000c0000000, 0x00000000c4300000, 0x00000000eab00000)
  object space 68608K, 42% used [0x00000000c0000000,0x00000000c1c64a48,0x00000000c4300000)
 Metaspace       used 35002K, committed 35840K, reserved 1114112K
  class space    used 3434K, committed 3840K, reserved 1048576K
}
Event: 258.383 GC heap after
{Heap after GC invocations=18 (full 1):
 PSYoungGen      total 24064K, used 968K [0x00000000eab00000, 0x00000000ec580000, 0x0000000100000000)
  eden space 16896K, 0% used [0x00000000eab00000,0x00000000eab00000,0x00000000ebb80000)
  from space 7168K, 13% used [0x00000000ebb80000,0x00000000ebc720a0,0x00000000ec280000)
  to   space 3072K, 0% used [0x00000000ec280000,0x00000000ec280000,0x00000000ec580000)
 ParOldGen       total 68608K, used 31973K [0x00000000c0000000, 0x00000000c4300000, 0x00000000eab00000)
  object space 68608K, 46% used [0x00000000c0000000,0x00000000c1f394f8,0x00000000c4300000)
 Metaspace       used 35002K, committed 35840K, reserved 1114112K
  class space    used 3434K, committed 3840K, reserved 1048576K
}
Event: 258.383 GC heap before
{Heap before GC invocations=19 (full 2):
 PSYoungGen      total 24064K, used 968K [0x00000000eab00000, 0x00000000ec580000, 0x0000000100000000)
  eden space 16896K, 0% used [0x00000000eab00000,0x00000000eab00000,0x00000000ebb80000)
  from space 7168K, 13% used [0x00000000ebb80000,0x00000000ebc720a0,0x00000000ec280000)
  to   space 3072K, 0% used [0x00000000ec280000,0x00000000ec280000,0x00000000ec580000)
 ParOldGen       total 68608K, used 31973K [0x00000000c0000000, 0x00000000c4300000, 0x00000000eab00000)
  object space 68608K, 46% used [0x00000000c0000000,0x00000000c1f394f8,0x00000000c4300000)
 Metaspace       used 35002K, committed 35840K, reserved 1114112K
  class space    used 3434K, committed 3840K, reserved 1048576K
}
Event: 258.434 GC heap after
{Heap after GC invocations=19 (full 2):
 PSYoungGen      total 24064K, used 0K [0x00000000eab00000, 0x00000000ec580000, 0x0000000100000000)
  eden space 16896K, 0% used [0x00000000eab00000,0x00000000eab00000,0x00000000ebb80000)
  from space 7168K, 0% used [0x00000000ebb80000,0x00000000ebb80000,0x00000000ec280000)
  to   space 3072K, 0% used [0x00000000ec280000,0x00000000ec280000,0x00000000ec580000)
 ParOldGen       total 68608K, used 30082K [0x00000000c0000000, 0x00000000c4300000, 0x00000000eab00000)
  object space 68608K, 43% used [0x00000000c0000000,0x00000000c1d60970,0x00000000c4300000)
 Metaspace       used 35002K, committed 35840K, reserved 1114112K
  class space    used 3434K, committed 3840K, reserved 1048576K
}
Event: 258.576 GC heap before
{Heap before GC invocations=20 (full 2):
 PSYoungGen      total 24064K, used 16895K [0x00000000eab00000, 0x00000000ec580000, 0x0000000100000000)
  eden space 16896K, 99% used [0x00000000eab00000,0x00000000ebb7fff8,0x00000000ebb80000)
  from space 7168K, 0% used [0x00000000ebb80000,0x00000000ebb80000,0x00000000ec280000)
  to   space 3072K, 0% used [0x00000000ec280000,0x00000000ec280000,0x00000000ec580000)
 ParOldGen       total 68608K, used 30082K [0x00000000c0000000, 0x00000000c4300000, 0x00000000eab00000)
  object space 68608K, 43% used [0x00000000c0000000,0x00000000c1d60970,0x00000000c4300000)
 Metaspace       used 35553K, committed 36416K, reserved 1114112K
  class space    used 3499K, committed 3904K, reserved 1048576K
}
Event: 258.578 GC heap after
{Heap after GC invocations=20 (full 2):
 PSYoungGen      total 18432K, used 1118K [0x00000000eab00000, 0x00000000ec400000, 0x0000000100000000)
  eden space 16896K, 0% used [0x00000000eab00000,0x00000000eab00000,0x00000000ebb80000)
  from space 1536K, 72% used [0x00000000ec280000,0x00000000ec397bd0,0x00000000ec400000)
  to   space 1536K, 0% used [0x00000000ec100000,0x00000000ec100000,0x00000000ec280000)
 ParOldGen       total 68608K, used 30090K [0x00000000c0000000, 0x00000000c4300000, 0x00000000eab00000)
  object space 68608K, 43% used [0x00000000c0000000,0x00000000c1d62970,0x00000000c4300000)
 Metaspace       used 35553K, committed 36416K, reserved 1114112K
  class space    used 3499K, committed 3904K, reserved 1048576K
}
Event: 258.628 GC heap before
{Heap before GC invocations=21 (full 2):
 PSYoungGen      total 18432K, used 18014K [0x00000000eab00000, 0x00000000ec400000, 0x0000000100000000)
  eden space 16896K, 100% used [0x00000000eab00000,0x00000000ebb80000,0x00000000ebb80000)
  from space 1536K, 72% used [0x00000000ec280000,0x00000000ec397bd0,0x00000000ec400000)
  to   space 1536K, 0% used [0x00000000ec100000,0x00000000ec100000,0x00000000ec280000)
 ParOldGen       total 68608K, used 30090K [0x00000000c0000000, 0x00000000c4300000, 0x00000000eab00000)
  object space 68608K, 43% used [0x00000000c0000000,0x00000000c1d62970,0x00000000c4300000)
 Metaspace       used 35561K, committed 36416K, reserved 1114112K
  class space    used 3499K, committed 3904K, reserved 1048576K
}
Event: 258.629 GC heap after
{Heap after GC invocations=21 (full 2):
 PSYoungGen      total 18432K, used 1191K [0x00000000eab00000, 0x00000000ec300000, 0x0000000100000000)
  eden space 16896K, 0% used [0x00000000eab00000,0x00000000eab00000,0x00000000ebb80000)
  from space 1536K, 77% used [0x00000000ec100000,0x00000000ec229d98,0x00000000ec280000)
  to   space 512K, 0% used [0x00000000ec280000,0x00000000ec280000,0x00000000ec300000)
 ParOldGen       total 68608K, used 30573K [0x00000000c0000000, 0x00000000c4300000, 0x00000000eab00000)
  object space 68608K, 44% used [0x00000000c0000000,0x00000000c1ddb700,0x00000000c4300000)
 Metaspace       used 35561K, committed 36416K, reserved 1114112K
  class space    used 3499K, committed 3904K, reserved 1048576K
}

